  500.000  9.864956e+02  2.410250e+02  2.455041e+02  0.000000e+00  0.000000e+00  0.000000e+00 
  500.000  1.352897e+03  2.306193e-25  3.708479e+02  0.000000e+00  0.000000e+00  0.000000e+00 
  500.000  1.352897e+03  2.306417e-25  3.708481e+02  0.000000e+00  0.000000e+00  0.000000e+00 
  500.000  1.352897e+03  2.306614e-25  3.708481e+02  0.000000e+00  0.000000e+00  0.000000e+00 
  500.000  1.352897e+03  2.306785e-25  3.708481e+02  0.000000e+00  0.000000e+00  0.000000e+00 
  500.000  1.352897e+03  2.306934e-25  3.708485e+02  0.000000e+00  0.000000e+00  0.000000e+00 
  500.000  1.352897e+03  2.307065e-25  3.708487e+02  0.000000e+00  0.000000e+00  0.000000e+00 
  500.000  1.352897e+03  2.307182e-25  3.708489e+02  0.000000e+00  0.000000e+00  0.000000e+00 
  500.000  1.352897e+03  2.307287e-25  3.708492e+02  0.000000e+00  0.000000e+00  0.000000e+00 
  500.000  1.352897e+03  2.307383e-25  3.708495e+02  0.000000e+00  0.000000e+00  0.000000e+00 
  500.000  1.352897e+03  2.307473e-25  3.708501e+02  0.000000e+00  0.000000e+00  0.000000e+00 
  500.000  1.352897e+03  2.307558e-25  3.708506e+02  0.000000e+00  0.000000e+00  0.000000e+00 
  500.000  1.352897e+03  2.307641e-25  3.708512e+02  0.000000e+00  0.000000e+00  0.000000e+00 
  500.000  1.352897e+03  2.307723e-25  3.708519e+02  0.000000e+00  0.000000e+00  0.000000e+00 
  500.000  1.352897e+03  2.307805e-25  3.708528e+02  0.000000e+00  0.000000e+00  0.000000e+00 
  500.000  1.352897e+03  2.307888e-25  3.708535e+02  0.000000e+00  0.000000e+00  0.000000e+00 
  500.000  1.352897e+03  2.307973e-25  3.708545e+02  0.000000e+00  0.000000e+00  0.000000e+00 
  500.000  1.352897e+03  2.308060e-25  3.708555e+02  0.000000e+00  0.000000e+00  0.000000e+00 
  500.000  1.352897e+03  2.308148e-25  3.708566e+02  0.000000e+00  0.000000e+00  0.000000e+00 
  500.000  1.352897e+03  2.308237e-25  3.708577e+02  0.000000e+00  0.000000e+00  0.000000e+00 
  500.000  1.352897e+03  2.308328e-25  3.708588e+02  0.000000e+00  0.000000e+00  0.000000e+00 
  500.000  1.352897e+03  2.308420e-25  3.708600e+02  0.000000e+00  0.000000e+00  0.000000e+00 
  500.000  1.352897e+03  2.308511e-25  3.708611e+02  0.000000e+00  0.000000e+00  0.000000e+00 
  500.000  1.352897e+03  2.308601e-25  3.708624e+02  0.000000e+00  0.000000e+00  0.000000e+00 
  500.000  1.352897e+03  2.308689e-25  3.708636e+02  0.000000e+00  0.000000e+00  0.000000e+00 
  500.000  1.352897e+03  2.308775e-25  3.708646e+02  0.000000e+00  0.000000e+00  0.000000e+00 
  500.000  1.352897e+03  2.308857e-25  3.708655e+02  0.000000e+00  0.000000e+00  0.000000e+00 
  500.000  1.352897e+03  2.308935e-25  3.708664e+02  0.000000e+00  0.000000e+00  0.000000e+00 
  500.000  1.352897e+03  2.309008e-25  3.708671e+02  0.000000e+00  0.000000e+00  0.000000e+00 
  500.000  1.352897e+03  2.309075e-25  3.708676e+02  0.000000e+00  0.000000e+00  0.000000e+00 
  500.000  1.352897e+03  2.309136e-25  3.708680e+02  0.000000e+00  0.000000e+00  0.000000e+00 
  500.000  1.352897e+03  2.309191e-25  3.708683e+02  0.000000e+00  0.000000e+00  0.000000e+00 
  500.000  1.352897e+03  2.309240e-25  3.708683e+02  0.000000e+00  0.000000e+00  0.000000e+00 
  500.000  1.352897e+03  2.309281e-25  3.708681e+02  0.000000e+00  0.000000e+00  0.000000e+00 
  500.000  1.352897e+03  2.309316e-25  3.708676e+02  0.000000e+00  0.000000e+00  0.000000e+00 
  500.000  1.352896e+03  2.309343e-25  3.708669e+02  0.000000e+00  0.000000e+00  0.000000e+00 
  500.000  1.352897e+03  2.309365e-25  3.708661e+02  0.000000e+00  0.000000e+00  0.000000e+00 
  500.000  1.352896e+03  2.309380e-25  3.708651e+02  0.000000e+00  0.000000e+00  0.000000e+00 
  500.000  1.352896e+03  2.309390e-25  3.708639e+02  0.000000e+00  0.000000e+00  0.000000e+00 
  500.000  1.352896e+03  2.309394e-25  3.708625e+02  0.000000e+00  0.000000e+00  0.000000e+00 
  500.000  1.352896e+03  2.309394e-25  3.708611e+02  0.000000e+00  0.000000e+00  0.000000e+00 
  500.000  1.352896e+03  2.309390e-25  3.708595e+02  0.000000e+00  0.000000e+00  0.000000e+00 
  500.000  1.352896e+03  2.309383e-25  3.708579e+02  0.000000e+00  0.000000e+00  0.000000e+00 
  500.000  1.352896e+03  2.309372e-25  3.708562e+02  0.000000e+00  0.000000e+00  0.000000e+00 
  500.000  1.352896e+03  2.309360e-25  3.708548e+02  0.000000e+00  0.000000e+00  0.000000e+00 
  500.000  1.352896e+03  2.309345e-25  3.708533e+02  0.000000e+00  0.000000e+00  0.000000e+00 
  500.000  1.352896e+03  2.309330e-25  3.708521e+02  0.000000e+00  0.000000e+00  0.000000e+00 
  500.000  1.352896e+03  2.309314e-25  3.708509e+02  0.000000e+00  0.000000e+00  0.000000e+00 
  500.000  1.352896e+03  2.309297e-25  3.708502e+02  0.000000e+00  0.000000e+00  0.000000e+00 
  500.000  1.352896e+03  2.309280e-25  3.708497e+02  0.000000e+00  0.000000e+00  0.000000e+00 
  500.000  1.352896e+03  2.309260e-25  3.708494e+02  0.000000e+00  0.000000e+00  0.000000e+00 
  500.000  1.352896e+03  2.309246e-25  3.708494e+02  0.000000e+00  0.000000e+00  0.000000e+00 
  500.000  1.352896e+03  2.289676e-25  3.708494e+02  0.000000e+00  0.000000e+00  0.000000e+00 
  500.000  1.352896e+03  2.270106e-25  3.708494e+02  0.000000e+00  0.000000e+00  0.000000e+00 
  500.000  1.352896e+03  2.250537e-25  3.708494e+02  0.000000e+00  0.000000e+00  0.000000e+00 
  500.000  1.352896e+03  2.230966e-25  3.708494e+02  0.000000e+00  0.000000e+00  0.000000e+00 
  500.000  1.352896e+03  2.211397e-25  3.708494e+02  0.000000e+00  0.000000e+00  0.000000e+00 
  500.000  1.352896e+03  2.191826e-25  3.708494e+02  0.000000e+00  0.000000e+00  0.000000e+00 
  500.000  1.352896e+03  2.172256e-25  3.708494e+02  0.000000e+00  0.000000e+00  0.000000e+00 
  500.000  1.352896e+03  2.152687e-25  3.708494e+02  0.000000e+00  0.000000e+00  0.000000e+00 
  500.000  1.352896e+03  2.133116e-25  3.708494e+02  0.000000e+00  0.000000e+00  0.000000e+00 
  500.000  1.352896e+03  2.113547e-25  3.708494e+02  0.000000e+00  0.000000e+00  0.000000e+00 
  500.000  1.352896e+03  2.093977e-25  3.708494e+02  0.000000e+00  0.000000e+00  0.000000e+00 
  500.000  1.352896e+03  2.074407e-25  3.708494e+02  0.000000e+00  0.000000e+00  0.000000e+00 
  500.000  1.352896e+03  2.054837e-25  3.708494e+02  0.000000e+00  0.000000e+00  0.000000e+00 
  500.000  1.352896e+03  2.035267e-25  3.708494e+02  0.000000e+00  0.000000e+00  0.000000e+00 
  500.000  1.352896e+03  2.015697e-25  3.708494e+02  0.000000e+00  0.000000e+00  0.000000e+00 
  500.000  1.352896e+03  1.996127e-25  3.708494e+02  0.000000e+00  0.000000e+00  0.000000e+00 
  500.000  1.352896e+03  1.976557e-25  3.708494e+02  0.000000e+00  0.000000e+00  0.000000e+00 
  500.000  1.352896e+03  1.956987e-25  3.708494e+02  0.000000e+00  0.000000e+00  0.000000e+00 
  500.000  1.352896e+03  1.937418e-25  3.708494e+02  0.000000e+00  0.000000e+00  0.000000e+00 
  500.000  1.352896e+03  1.917848e-25  3.708494e+02  0.000000e+00  0.000000e+00  0.000000e+00 
  500.000  1.352896e+03  1.898278e-25  3.708494e+02  0.000000e+00  0.000000e+00  0.000000e+00 
  500.000  1.352896e+03  1.878708e-25  3.708494e+02  0.000000e+00  0.000000e+00  0.000000e+00 
  500.000  1.352896e+03  1.859138e-25  3.708494e+02  0.000000e+00  0.000000e+00  0.000000e+00 
  500.000  1.352896e+03  1.810214e-25  3.708494e+02  0.000000e+00  0.000000e+00  0.000000e+00 
  500.000  1.352896e+03  1.761289e-25  3.708494e+02  0.000000e+00  0.000000e+00  0.000000e+00 
  500.000  1.352896e+03  1.712364e-25  3.708494e+02  0.000000e+00  0.000000e+00  0.000000e+00 
  500.000  1.352896e+03  1.663440e-25  3.708494e+02  0.000000e+00  0.000000e+00  0.000000e+00 
  500.000  1.352896e+03  1.614515e-25  3.708494e+02  0.000000e+00  0.000000e+00  0.000000e+00 
  500.000  1.352896e+03  1.565590e-25  3.708494e+02  0.000000e+00  0.000000e+00  0.000000e+00 
  500.000  1.352896e+03  1.516665e-25  3.708494e+02  0.000000e+00  0.000000e+00  0.000000e+00 
  500.000  1.352896e+03  1.467741e-25  3.708494e+02  0.000000e+00  0.000000e+00  0.000000e+00 
  500.000  1.352896e+03  1.418816e-25  3.708494e+02  0.000000e+00  0.000000e+00  0.000000e+00 
  500.000  1.352896e+03  1.369891e-25  3.708494e+02  0.000000e+00  0.000000e+00  0.000000e+00 
  500.000  1.352896e+03  1.272042e-25  3.708494e+02  0.000000e+00  0.000000e+00  0.000000e+00 
  500.000  1.352896e+03  1.174193e-25  3.708494e+02  0.000000e+00  0.000000e+00  0.000000e+00 
  500.000  1.352896e+03  1.076343e-25  3.708494e+02  0.000000e+00  0.000000e+00  0.000000e+00 
  500.000  1.352896e+03  9.784938e-26  3.708494e+02  0.000000e+00  0.000000e+00  0.000000e+00 
  500.000  1.352896e+03  8.806443e-26  3.708494e+02  0.000000e+00  0.000000e+00  0.000000e+00 
  500.000  1.352896e+03  7.827949e-26  3.708494e+02  0.000000e+00  0.000000e+00  0.000000e+00 
  500.000  1.352896e+03  6.849457e-26  3.708494e+02  0.000000e+00  0.000000e+00  0.000000e+00 
  500.000  1.352896e+03  5.870963e-26  3.708494e+02  0.000000e+00  0.000000e+00  0.000000e+00 
  500.000  1.352896e+03  4.892469e-26  3.708494e+02  0.000000e+00  0.000000e+00  0.000000e+00 
  500.000  1.352896e+03  3.913976e-26  3.708494e+02  0.000000e+00  0.000000e+00  0.000000e+00 
  500.000  1.352896e+03  2.935482e-26  3.708494e+02  0.000000e+00  0.000000e+00  0.000000e+00 
  500.000  1.352896e+03  1.956987e-26  3.708494e+02  0.000000e+00  0.000000e+00  0.000000e+00 
  500.000  1.352896e+03  9.784937e-27  3.708494e+02  0.000000e+00  0.000000e+00  0.000000e+00 
  500.000  1.352896e+03  0.000000e+00  3.708494e+02  0.000000e+00  0.000000e+00  0.000000e+00 
